<?xml version="1.0" encoding="UTF-8"?>
<!-- Generated by org.testng.reporters.JUnitXMLReporter -->
<testsuite hostname="FIRATs-MPro-Retina.local" ignored="0" name="Default test" tests="6" failures="0" timestamp="2020-09-29T01:30:15 EDT" time="19.365" errors="0">
  <testcase name="homePage1" time="4.034" classname="tests.AllTestCasesTogether"/>
  <testcase name="workshopPage1" time="2.249" classname="tests.AllTestCasesTogether"/>
  <testcase name="workshopPage2" time="3.538" classname="tests.AllTestCasesTogether"/>
  <testcase name="workshop3" time="2.49" classname="tests.AllTestCasesTogether"/>
  <testcase name="location1" time="0.269" classname="tests.AllTestCasesTogether"/>
  <testcase name="location2" time="0.206" classname="tests.AllTestCasesTogether"/>
</testsuite> <!-- Default test -->
